<?xml version="1.0" encoding="UTF-8"?>
<!-- Generated by org.testng.reporters.JUnitXMLReporter -->
<testsuite ignored="0" hostname="Payal" failures="0" tests="7" name="Surefire test" time="0.074" errors="0" timestamp="2022-12-18T18:06:20 EST">
  <testcase classname="Test.Launch" name="@BeforeSuite beforesuit" time="-1.671404780135E9">
    <failure type="org.testng.TestNGException" message="
Parameter &amp;apos;browser&amp;apos; is required by BeforeSuite on method beforesuit but has not been marked @Optional or defined
">
      <![CDATA[org.testng.TestNGException: 
Parameter 'browser' is required by BeforeSuite on method beforesuit but has not been marked @Optional or defined

... Removed 21 stack frames]]>
    </failure>
  </testcase> <!-- @BeforeSuite beforesuit -->
  <testcase classname="Test.Launch" name="f" time="0.0">
    <skipped/>
  </testcase> <!-- f -->
  <testcase classname="Test.Amazon_Test" name="VerifyUrl" time="0.0">
    <skipped/>
  </testcase> <!-- VerifyUrl -->
  <testcase classname="Test.Amazon_Test" name="verifyHamBurgermenuclick" time="0.0">
    <skipped/>
  </testcase> <!-- verifyHamBurgermenuclick -->
  <testcase classname="Test.Amazon_Test" name="verifykidle" time="0.0">
    <skipped/>
  </testcase> <!-- verifykidle -->
  <testcase classname="Test.Amazon_Test" name="verifykindleScribe" time="0.0">
    <skipped/>
  </testcase> <!-- verifykindleScribe -->
  <testcase classname="Test.Amazon_Test" name="verifyBuynow" time="0.0">
    <skipped/>
  </testcase> <!-- verifyBuynow -->
  <testcase classname="Test.Amazon_Test" name="verifyEmailMobile" time="0.0">
    <skipped/>
  </testcase> <!-- verifyEmailMobile -->
</testsuite> <!-- Surefire test -->
