<?xml version="1.0" encoding="UTF-8"?>
<!-- Generated by org.testng.reporters.JUnitXMLReporter -->
<testsuite ignored="0" hostname="Payal" failures="0" tests="6" name="Default test" time="0.077" errors="0" timestamp="2022-12-18T15:30:25 EST">
  <testcase classname="Test.Launch" name="@BeforeSuite beforesuit" time="-1.671395425319E9">
    <failure type="org.testng.TestNGException" message="
Parameter &amp;apos;browser&amp;apos; is required by BeforeSuite on method beforesuit but has not been marked @Optional or defined
in C:\Users\gaurp\AppData\Local\Temp\testng-eclipse--26729604\testng-customsuite.xml">
      <![CDATA[org.testng.TestNGException: 
Parameter 'browser' is required by BeforeSuite on method beforesuit but has not been marked @Optional or defined
in C:\Users\gaurp\AppData\Local\Temp\testng-eclipse--26729604\testng-customsuite.xml
at org.testng.internal.Parameters.createParams(Parameters.java:267)
at org.testng.internal.Parameters.createParametersForMethod(Parameters.java:355)
at org.testng.internal.Parameters.createParameters(Parameters.java:684)
at org.testng.internal.Parameters.createConfigurationParameters(Parameters.java:166)
at org.testng.internal.invokers.ConfigInvoker.invokeConfigurations(ConfigInvoker.java:277)
at org.testng.SuiteRunner.privateRun(SuiteRunner.java:376)
at org.testng.SuiteRunner.run(SuiteRunner.java:330)
at org.testng.SuiteRunnerWorker.runSuite(SuiteRunnerWorker.java:52)
at org.testng.SuiteRunnerWorker.run(SuiteRunnerWorker.java:95)
at org.testng.TestNG.runSuitesSequentially(TestNG.java:1256)
at org.testng.TestNG.runSuitesLocally(TestNG.java:1176)
at org.testng.TestNG.runSuites(TestNG.java:1099)
at org.testng.TestNG.run(TestNG.java:1067)
at org.testng.remote.AbstractRemoteTestNG.run(AbstractRemoteTestNG.java:115)
at org.testng.remote.RemoteTestNG.initAndRun(RemoteTestNG.java:251)
at org.testng.remote.RemoteTestNG.main(RemoteTestNG.java:77)
]]>
    </failure>
  </testcase> <!-- @BeforeSuite beforesuit -->
  <testcase classname="Test.Launch" name="f" time="0.0">
    <skipped/>
  </testcase> <!-- f -->
  <testcase classname="Test.Amazon_Test" name="VerifyUrl" time="0.0">
    <skipped/>
  </testcase> <!-- VerifyUrl -->
  <testcase classname="Test.Amazon_Test" name="verifyHamBurgermenuclick" time="0.0">
    <skipped/>
  </testcase> <!-- verifyHamBurgermenuclick -->
  <testcase classname="Test.Amazon_Test" name="verifykidle" time="0.0">
    <skipped/>
  </testcase> <!-- verifykidle -->
  <testcase classname="Test.Amazon_Test" name="verifykindleScribe" time="0.0">
    <skipped/>
  </testcase> <!-- verifykindleScribe -->
  <testcase classname="Test.Amazon_Test" name="verifyBuynow" time="0.0">
    <skipped/>
  </testcase> <!-- verifyBuynow -->
</testsuite> <!-- Default test -->
