<?xml version="1.0" encoding="UTF-8"?>
<!-- Generated by org.testng.reporters.JUnitXMLReporter -->
<testsuite ignored="0" hostname="Payal" failures="0" tests="6" name="Amazon2" time="0.014" errors="0" timestamp="2022-12-18T15:24:04 EST">
  <testcase classname="Test.Launch" name="@BeforeSuite beforesuit" time="-1.671395043869E9">
    <failure type="org.testng.TestNGException" message="
Parameter &amp;apos;browser&amp;apos; is required by BeforeSuite on method beforesuit but has not been marked @Optional or defined
in C:\Users\gaurp\eclipse-workspace\ProjectofAmazon\testng.xml">
      <![CDATA[org.testng.TestNGException: 
Parameter 'browser' is required by BeforeSuite on method beforesuit but has not been marked @Optional or defined
in C:\Users\gaurp\eclipse-workspace\ProjectofAmazon\testng.xml
... Removed 16 stack frames]]>
    </failure>
  </testcase> <!-- @BeforeSuite beforesuit -->
  <testcase classname="Test.Launch" name="f" time="0.0">
    <skipped/>
  </testcase> <!-- f -->
  <testcase classname="Test.Amazon_Test" name="VerifyUrl" time="0.0">
    <skipped/>
  </testcase> <!-- VerifyUrl -->
  <testcase classname="Test.Amazon_Test" name="verifyHamBurgermenuclick" time="0.0">
    <skipped/>
  </testcase> <!-- verifyHamBurgermenuclick -->
  <testcase classname="Test.Amazon_Test" name="verifykidle" time="0.0">
    <skipped/>
  </testcase> <!-- verifykidle -->
  <testcase classname="Test.Amazon_Test" name="verifykindleScribe" time="0.0">
    <skipped/>
  </testcase> <!-- verifykindleScribe -->
  <testcase classname="Test.Amazon_Test" name="verifyBuynow" time="0.0">
    <skipped/>
  </testcase> <!-- verifyBuynow -->
</testsuite> <!-- Amazon2 -->
