<?xml version="1.0" encoding="UTF-8"?>
<!-- Generated by org.testng.reporters.JUnitReportReporter -->
<testsuite hostname="Payal" failures="0" tests="19" name="Test.Amazon_Test" time="-1671322368.000" errors="1" timestamp="2022-12-17T19:13:45 EST" skipped="18">
  <testcase classname="Test.Amazon_Test" name="beforesuit" time="-1671322368.000">
    <error message="
Parameter &#039;browser&#039; is required by BeforeSuite on method beforesuit but has not been marked @Optional or defined
in C:\Users\gaurp\eclipse-workspace\ProjectofAmazon\testng.xml" type="org.testng.TestNGException">
      <![CDATA[org.testng.TestNGException: 
Parameter 'browser' is required by BeforeSuite on method beforesuit but has not been marked @Optional or defined
in C:\Users\gaurp\eclipse-workspace\ProjectofAmazon\testng.xml
at org.testng.internal.Parameters.createParams(Parameters.java:267)
at org.testng.internal.Parameters.createParametersForMethod(Parameters.java:355)
at org.testng.internal.Parameters.createParameters(Parameters.java:684)
at org.testng.internal.Parameters.createConfigurationParameters(Parameters.java:166)
at org.testng.internal.invokers.ConfigInvoker.invokeConfigurations(ConfigInvoker.java:277)
at org.testng.SuiteRunner.privateRun(SuiteRunner.java:376)
at org.testng.SuiteRunner.run(SuiteRunner.java:330)
at org.testng.SuiteRunnerWorker.runSuite(SuiteRunnerWorker.java:52)
at org.testng.SuiteRunnerWorker.run(SuiteRunnerWorker.java:95)
at org.testng.TestNG.runSuitesSequentially(TestNG.java:1256)
at org.testng.TestNG.runSuitesLocally(TestNG.java:1176)
at org.testng.TestNG.runSuites(TestNG.java:1099)
at org.testng.TestNG.run(TestNG.java:1067)
at org.testng.remote.AbstractRemoteTestNG.run(AbstractRemoteTestNG.java:115)
at org.testng.remote.RemoteTestNG.initAndRun(RemoteTestNG.java:251)
at org.testng.remote.RemoteTestNG.main(RemoteTestNG.java:77)
]]>
    </error>
  </testcase> <!-- beforesuit -->
  <system-out/>
  <testcase classname="Test.Amazon_Test" name="f" time="0.000">
    <skipped/>
  </testcase> <!-- f -->
  <system-out/>
  <testcase classname="Test.Amazon_Test" name="f" time="0.000">
    <skipped/>
  </testcase> <!-- f -->
  <system-out/>
  <testcase classname="Test.Amazon_Test" name="f" time="0.000">
    <skipped/>
  </testcase> <!-- f -->
  <system-out/>
  <testcase classname="Test.Amazon_Test" name="VerifyUrl" time="0.000">
    <skipped/>
  </testcase> <!-- VerifyUrl -->
  <system-out/>
  <testcase classname="Test.Amazon_Test" name="VerifyUrl" time="0.000">
    <skipped/>
  </testcase> <!-- VerifyUrl -->
  <system-out/>
  <testcase classname="Test.Amazon_Test" name="VerifyUrl" time="0.000">
    <skipped/>
  </testcase> <!-- VerifyUrl -->
  <system-out/>
  <testcase classname="Test.Amazon_Test" name="verifyHamBurgermenuclick" time="0.000">
    <skipped/>
  </testcase> <!-- verifyHamBurgermenuclick -->
  <system-out/>
  <testcase classname="Test.Amazon_Test" name="verifyHamBurgermenuclick" time="0.000">
    <skipped/>
  </testcase> <!-- verifyHamBurgermenuclick -->
  <system-out/>
  <testcase classname="Test.Amazon_Test" name="verifyHamBurgermenuclick" time="0.000">
    <skipped/>
  </testcase> <!-- verifyHamBurgermenuclick -->
  <system-out/>
  <testcase classname="Test.Amazon_Test" name="verifykidle" time="0.000">
    <skipped/>
  </testcase> <!-- verifykidle -->
  <system-out/>
  <testcase classname="Test.Amazon_Test" name="verifykidle" time="0.000">
    <skipped/>
  </testcase> <!-- verifykidle -->
  <system-out/>
  <testcase classname="Test.Amazon_Test" name="verifykidle" time="0.000">
    <skipped/>
  </testcase> <!-- verifykidle -->
  <system-out/>
  <testcase classname="Test.Amazon_Test" name="verifykindleScribe" time="0.000">
    <skipped/>
  </testcase> <!-- verifykindleScribe -->
  <system-out/>
  <testcase classname="Test.Amazon_Test" name="verifykindleScribe" time="0.000">
    <skipped/>
  </testcase> <!-- verifykindleScribe -->
  <system-out/>
  <testcase classname="Test.Amazon_Test" name="verifykindleScribe" time="0.000">
    <skipped/>
  </testcase> <!-- verifykindleScribe -->
  <system-out/>
  <testcase classname="Test.Amazon_Test" name="verifyBuynow" time="0.000">
    <skipped/>
  </testcase> <!-- verifyBuynow -->
  <system-out/>
  <testcase classname="Test.Amazon_Test" name="verifyBuynow" time="0.000">
    <skipped/>
  </testcase> <!-- verifyBuynow -->
  <system-out/>
  <testcase classname="Test.Amazon_Test" name="verifyBuynow" time="0.000">
    <skipped/>
  </testcase> <!-- verifyBuynow -->
  <system-out/>
</testsuite> <!-- Test.Amazon_Test -->
