<?xml version="1.0" encoding="UTF-8"?>
<!-- Generated by org.testng.reporters.JUnitReportReporter -->
<testsuite hostname="Payal" failures="0" tests="8" name="Test.Amazon_Test" time="-1671404672.000" errors="1" timestamp="2022-12-18T18:06:20 EST" skipped="7">
  <testcase classname="Test.Amazon_Test" name="f" time="0.000">
    <skipped/>
  </testcase> <!-- f -->
  <system-out/>
  <testcase classname="Test.Amazon_Test" name="beforesuit" time="-1671404672.000">
    <error message="
Parameter &#039;browser&#039; is required by BeforeSuite on method beforesuit but has not been marked @Optional or defined
" type="org.testng.TestNGException">
      <![CDATA[org.testng.TestNGException: 
Parameter 'browser' is required by BeforeSuite on method beforesuit but has not been marked @Optional or defined

at org.testng.internal.Parameters.createParams(Parameters.java:267)
at org.testng.internal.Parameters.createParametersForMethod(Parameters.java:355)
at org.testng.internal.Parameters.createParameters(Parameters.java:684)
at org.testng.internal.Parameters.createConfigurationParameters(Parameters.java:166)
at org.testng.internal.invokers.ConfigInvoker.invokeConfigurations(ConfigInvoker.java:277)
at org.testng.SuiteRunner.privateRun(SuiteRunner.java:376)
at org.testng.SuiteRunner.run(SuiteRunner.java:330)
at org.testng.SuiteRunnerWorker.runSuite(SuiteRunnerWorker.java:52)
at org.testng.SuiteRunnerWorker.run(SuiteRunnerWorker.java:95)
at org.testng.TestNG.runSuitesSequentially(TestNG.java:1256)
at org.testng.TestNG.runSuitesLocally(TestNG.java:1176)
at org.testng.TestNG.runSuites(TestNG.java:1099)
at org.testng.TestNG.run(TestNG.java:1067)
at org.apache.maven.surefire.testng.TestNGExecutor.run(TestNGExecutor.java:151)
at org.apache.maven.surefire.testng.TestNGDirectoryTestSuite.executeSingleClass(TestNGDirectoryTestSuite.java:111)
at org.apache.maven.surefire.testng.TestNGDirectoryTestSuite.execute(TestNGDirectoryTestSuite.java:98)
at org.apache.maven.surefire.testng.TestNGProvider.invoke(TestNGProvider.java:155)
at org.apache.maven.surefire.booter.ForkedBooter.runSuitesInProcess(ForkedBooter.java:456)
at org.apache.maven.surefire.booter.ForkedBooter.execute(ForkedBooter.java:169)
at org.apache.maven.surefire.booter.ForkedBooter.run(ForkedBooter.java:595)
at org.apache.maven.surefire.booter.ForkedBooter.main(ForkedBooter.java:581)
]]>
    </error>
  </testcase> <!-- beforesuit -->
  <system-out/>
  <testcase classname="Test.Amazon_Test" name="VerifyUrl" time="0.000">
    <skipped/>
  </testcase> <!-- VerifyUrl -->
  <system-out/>
  <testcase classname="Test.Amazon_Test" name="verifyHamBurgermenuclick" time="0.000">
    <skipped/>
  </testcase> <!-- verifyHamBurgermenuclick -->
  <system-out/>
  <testcase classname="Test.Amazon_Test" name="verifykidle" time="0.000">
    <skipped/>
  </testcase> <!-- verifykidle -->
  <system-out/>
  <testcase classname="Test.Amazon_Test" name="verifykindleScribe" time="0.000">
    <skipped/>
  </testcase> <!-- verifykindleScribe -->
  <system-out/>
  <testcase classname="Test.Amazon_Test" name="verifyBuynow" time="0.000">
    <skipped/>
  </testcase> <!-- verifyBuynow -->
  <system-out/>
  <testcase classname="Test.Amazon_Test" name="verifyEmailMobile" time="0.000">
    <skipped/>
  </testcase> <!-- verifyEmailMobile -->
  <system-out/>
</testsuite> <!-- Test.Amazon_Test -->
